 ~ (0.000292) PRAGMA table_info("projects")
 ~ (0.000014) PRAGMA table_info("projects")
 ~ (0.000015) PRAGMA table_info("projects")
 ~ (0.000128) PRAGMA table_info("projects")
 ~ (0.000011) PRAGMA table_info("projects")
 ~ (0.000011) PRAGMA table_info("projects")
 ~ (0.000012) PRAGMA table_info("projects")
 ~ (0.000012) PRAGMA table_info("projects")
 ~ (0.000011) PRAGMA table_info("projects")
 ~ (0.000011) PRAGMA table_info("projects")
 ~ (0.000012) PRAGMA table_info("projects")
 ~ (0.000276) PRAGMA table_info("projects")
 ~ (0.000014) PRAGMA table_info("projects")
 ~ (0.000023) PRAGMA table_info("projects")
 ~ (0.000133) PRAGMA table_info("projects")
 ~ (0.000012) PRAGMA table_info("projects")
 ~ (0.000013) PRAGMA table_info("projects")
 ~ (0.000012) PRAGMA table_info("projects")
 ~ (0.000013) PRAGMA table_info("projects")
 ~ (0.000013) PRAGMA table_info("projects")
 ~ (0.000015) PRAGMA table_info("projects")
 ~ (0.000014) PRAGMA table_info("projects")
 ~ (0.000246) PRAGMA table_info("projects")
 ~ (0.000022) SELECT sqlite_version(*)
 ~ (0.000040) DROP TABLE IF EXISTS "projects"
 ~ (0.000011) PRAGMA table_info("projects")
 ~ (0.008705) CREATE TABLE "projects" ("id" INTEGER NOT NULL PRIMARY KEY AUTOINCREMENT, "title" VARCHAR(50), "link_to_image" VARCHAR(50), "desc" TEXT, "link_to_web" VARCHAR(50), "created_at" TIMESTAMP)
 ~ (0.000023) PRAGMA table_info("projects")
 ~ (0.000122) PRAGMA table_info("projects")
 ~ (0.000013) PRAGMA table_info("projects")
 ~ (0.000012) PRAGMA table_info("projects")
 ~ (0.000012) PRAGMA table_info("projects")
 ~ (0.000012) PRAGMA table_info("projects")
 ~ (0.000012) PRAGMA table_info("projects")
 ~ (0.000267) PRAGMA table_info("projects")
 ~ (0.000014) PRAGMA table_info("projects")
 ~ (0.000113) PRAGMA table_info("projects")
 ~ (0.000013) PRAGMA table_info("projects")
 ~ (0.000012) PRAGMA table_info("projects")
 ~ (0.000012) PRAGMA table_info("projects")
 ~ (0.000011) PRAGMA table_info("projects")
 ~ (0.000012) PRAGMA table_info("projects")
 ~ (0.000276) PRAGMA table_info("projects")
 ~ (0.000013) PRAGMA table_info("projects")
 ~ (0.000133) PRAGMA table_info("projects")
 ~ (0.000012) PRAGMA table_info("projects")
 ~ (0.000012) PRAGMA table_info("projects")
 ~ (0.000013) PRAGMA table_info("projects")
 ~ (0.000013) PRAGMA table_info("projects")
 ~ (0.000012) PRAGMA table_info("projects")
 ~ (0.000437) PRAGMA table_info("projects")
 ~ (0.000014) PRAGMA table_info("projects")
 ~ (0.000119) PRAGMA table_info("projects")
 ~ (0.000014) PRAGMA table_info("projects")
 ~ (0.000013) PRAGMA table_info("projects")
 ~ (0.000013) PRAGMA table_info("projects")
 ~ (0.000014) PRAGMA table_info("projects")
 ~ (0.000014) PRAGMA table_info("projects")
 ~ (0.000075) SELECT "id", "title", "link_to_image", "link_to_web", "created_at" FROM "projects" ORDER BY "created_at" DESC
 ~ (0.000269) PRAGMA table_info("projects")
 ~ (0.000015) PRAGMA table_info("projects")
 ~ (0.000125) PRAGMA table_info("projects")
 ~ (0.000014) PRAGMA table_info("projects")
 ~ (0.000013) PRAGMA table_info("projects")
 ~ (0.000012) PRAGMA table_info("projects")
 ~ (0.000012) PRAGMA table_info("projects")
 ~ (0.000012) PRAGMA table_info("projects")
 ~ (0.000258) PRAGMA table_info("projects")
 ~ (0.000019) PRAGMA table_info("projects")
 ~ (0.000141) PRAGMA table_info("projects")
 ~ (0.000012) PRAGMA table_info("projects")
 ~ (0.000012) PRAGMA table_info("projects")
 ~ (0.000012) PRAGMA table_info("projects")
 ~ (0.000012) PRAGMA table_info("projects")
 ~ (0.000012) PRAGMA table_info("projects")
 ~ (0.000269) PRAGMA table_info("projects")
 ~ (0.000014) PRAGMA table_info("projects")
 ~ (0.000109) PRAGMA table_info("projects")
 ~ (0.000011) PRAGMA table_info("projects")
 ~ (0.000012) PRAGMA table_info("projects")
 ~ (0.000012) PRAGMA table_info("projects")
 ~ (0.000012) PRAGMA table_info("projects")
 ~ (0.000012) PRAGMA table_info("projects")
 ~ (0.000310) PRAGMA table_info("projects")
 ~ (0.000015) PRAGMA table_info("projects")
 ~ (0.000115) PRAGMA table_info("projects")
 ~ (0.000011) PRAGMA table_info("projects")
 ~ (0.000011) PRAGMA table_info("projects")
 ~ (0.000011) PRAGMA table_info("projects")
 ~ (0.000012) PRAGMA table_info("projects")
 ~ (0.000012) PRAGMA table_info("projects")
 ~ (0.000273) PRAGMA table_info("projects")
 ~ (0.000019) PRAGMA table_info("projects")
 ~ (0.000129) PRAGMA table_info("projects")
 ~ (0.000016) PRAGMA table_info("projects")
 ~ (0.000015) PRAGMA table_info("projects")
 ~ (0.000012) PRAGMA table_info("projects")
 ~ (0.000014) PRAGMA table_info("projects")
 ~ (0.000014) PRAGMA table_info("projects")
 ~ (0.000274) PRAGMA table_info("projects")
 ~ (0.000014) PRAGMA table_info("projects")
 ~ (0.000111) PRAGMA table_info("projects")
 ~ (0.000012) PRAGMA table_info("projects")
 ~ (0.000012) PRAGMA table_info("projects")
 ~ (0.000011) PRAGMA table_info("projects")
 ~ (0.000012) PRAGMA table_info("projects")
 ~ (0.000012) PRAGMA table_info("projects")
 ~ (0.000266) PRAGMA table_info("projects")
 ~ (0.000014) PRAGMA table_info("projects")
 ~ (0.000112) PRAGMA table_info("projects")
 ~ (0.000012) PRAGMA table_info("projects")
 ~ (0.000011) PRAGMA table_info("projects")
 ~ (0.000012) PRAGMA table_info("projects")
 ~ (0.000013) PRAGMA table_info("projects")
 ~ (0.000012) PRAGMA table_info("projects")
 ~ (0.000251) PRAGMA table_info("projects")
 ~ (0.000013) PRAGMA table_info("projects")
 ~ (0.000108) PRAGMA table_info("projects")
 ~ (0.000012) PRAGMA table_info("projects")
 ~ (0.000012) PRAGMA table_info("projects")
 ~ (0.000012) PRAGMA table_info("projects")
 ~ (0.000012) PRAGMA table_info("projects")
 ~ (0.000011) PRAGMA table_info("projects")
 ~ (0.000273) PRAGMA table_info("projects")
 ~ (0.000013) PRAGMA table_info("projects")
 ~ (0.000110) PRAGMA table_info("projects")
 ~ (0.000012) PRAGMA table_info("projects")
 ~ (0.000012) PRAGMA table_info("projects")
 ~ (0.000012) PRAGMA table_info("projects")
 ~ (0.000012) PRAGMA table_info("projects")
 ~ (0.000024) PRAGMA table_info("projects")
 ~ (0.000267) PRAGMA table_info("projects")
 ~ (0.000014) PRAGMA table_info("projects")
 ~ (0.000108) PRAGMA table_info("projects")
 ~ (0.000012) PRAGMA table_info("projects")
 ~ (0.000012) PRAGMA table_info("projects")
 ~ (0.000012) PRAGMA table_info("projects")
 ~ (0.000011) PRAGMA table_info("projects")
 ~ (0.000012) PRAGMA table_info("projects")
 ~ (0.000266) PRAGMA table_info("projects")
 ~ (0.000015) PRAGMA table_info("projects")
 ~ (0.000121) PRAGMA table_info("projects")
 ~ (0.000013) PRAGMA table_info("projects")
 ~ (0.000012) PRAGMA table_info("projects")
 ~ (0.000012) PRAGMA table_info("projects")
 ~ (0.000013) PRAGMA table_info("projects")
 ~ (0.000012) PRAGMA table_info("projects")
 ~ (0.000284) PRAGMA table_info("projects")
 ~ (0.000021) PRAGMA table_info("projects")
 ~ (0.000118) PRAGMA table_info("projects")
 ~ (0.000012) PRAGMA table_info("projects")
 ~ (0.000012) PRAGMA table_info("projects")
 ~ (0.000012) PRAGMA table_info("projects")
 ~ (0.000012) PRAGMA table_info("projects")
 ~ (0.000011) PRAGMA table_info("projects")
 ~ (0.000255) PRAGMA table_info("projects")
 ~ (0.000014) PRAGMA table_info("projects")
 ~ (0.000106) PRAGMA table_info("projects")
 ~ (0.000013) PRAGMA table_info("projects")
 ~ (0.000012) PRAGMA table_info("projects")
 ~ (0.000012) PRAGMA table_info("projects")
 ~ (0.000011) PRAGMA table_info("projects")
 ~ (0.000011) PRAGMA table_info("projects")
 ~ (0.000267) PRAGMA table_info("projects")
 ~ (0.000015) PRAGMA table_info("projects")
 ~ (0.000114) PRAGMA table_info("projects")
 ~ (0.000013) PRAGMA table_info("projects")
 ~ (0.000013) PRAGMA table_info("projects")
 ~ (0.000013) PRAGMA table_info("projects")
 ~ (0.000012) PRAGMA table_info("projects")
 ~ (0.000012) PRAGMA table_info("projects")
 ~ (0.000269) PRAGMA table_info("projects")
 ~ (0.000019) PRAGMA table_info("projects")
 ~ (0.000127) PRAGMA table_info("projects")
 ~ (0.000018) PRAGMA table_info("projects")
 ~ (0.000018) PRAGMA table_info("projects")
 ~ (0.000015) PRAGMA table_info("projects")
 ~ (0.000019) PRAGMA table_info("projects")
 ~ (0.000013) PRAGMA table_info("projects")
 ~ (0.000275) PRAGMA table_info("projects")
 ~ (0.000020) PRAGMA table_info("projects")
 ~ (0.000129) PRAGMA table_info("projects")
 ~ (0.000012) PRAGMA table_info("projects")
 ~ (0.000012) PRAGMA table_info("projects")
 ~ (0.000014) PRAGMA table_info("projects")
 ~ (0.000013) PRAGMA table_info("projects")
 ~ (0.000014) PRAGMA table_info("projects")
 ~ (0.000067) SELECT "id", "title", "link_to_image", "link_to_web", "created_at" FROM "projects" ORDER BY "created_at" DESC
 ~ (0.000266) PRAGMA table_info("projects")
 ~ (0.000015) PRAGMA table_info("projects")
 ~ (0.000112) PRAGMA table_info("projects")
 ~ (0.000012) PRAGMA table_info("projects")
 ~ (0.000012) PRAGMA table_info("projects")
 ~ (0.000013) PRAGMA table_info("projects")
 ~ (0.000012) PRAGMA table_info("projects")
 ~ (0.000011) PRAGMA table_info("projects")
 ~ (0.000264) PRAGMA table_info("projects")
 ~ (0.000015) PRAGMA table_info("projects")
 ~ (0.000131) PRAGMA table_info("projects")
 ~ (0.000013) PRAGMA table_info("projects")
 ~ (0.000012) PRAGMA table_info("projects")
 ~ (0.000011) PRAGMA table_info("projects")
 ~ (0.000011) PRAGMA table_info("projects")
 ~ (0.000012) PRAGMA table_info("projects")
 ~ (0.000266) PRAGMA table_info("projects")
 ~ (0.000013) PRAGMA table_info("projects")
 ~ (0.000108) PRAGMA table_info("projects")
 ~ (0.000012) PRAGMA table_info("projects")
 ~ (0.000011) PRAGMA table_info("projects")
 ~ (0.000011) PRAGMA table_info("projects")
 ~ (0.000013) PRAGMA table_info("projects")
 ~ (0.000012) PRAGMA table_info("projects")
 ~ (0.000353) PRAGMA table_info("projects")
 ~ (0.000083) PRAGMA table_info("projects")
 ~ (0.000139) PRAGMA table_info("projects")
 ~ (0.000015) PRAGMA table_info("projects")
 ~ (0.000013) PRAGMA table_info("projects")
 ~ (0.000011) PRAGMA table_info("projects")
 ~ (0.000012) PRAGMA table_info("projects")
 ~ (0.000011) PRAGMA table_info("projects")
 ~ (0.000266) PRAGMA table_info("projects")
 ~ (0.000013) PRAGMA table_info("projects")
 ~ (0.000111) PRAGMA table_info("projects")
 ~ (0.000012) PRAGMA table_info("projects")
 ~ (0.000012) PRAGMA table_info("projects")
 ~ (0.000012) PRAGMA table_info("projects")
 ~ (0.000012) PRAGMA table_info("projects")
 ~ (0.000011) PRAGMA table_info("projects")
 ~ (0.000282) PRAGMA table_info("projects")
 ~ (0.000023) PRAGMA table_info("projects")
 ~ (0.000154) PRAGMA table_info("projects")
 ~ (0.000012) PRAGMA table_info("projects")
 ~ (0.000011) PRAGMA table_info("projects")
 ~ (0.000012) PRAGMA table_info("projects")
 ~ (0.000012) PRAGMA table_info("projects")
 ~ (0.000012) PRAGMA table_info("projects")
 ~ (0.000260) PRAGMA table_info("projects")
 ~ (0.000014) PRAGMA table_info("projects")
 ~ (0.000121) PRAGMA table_info("projects")
 ~ (0.000012) PRAGMA table_info("projects")
 ~ (0.000015) PRAGMA table_info("projects")
 ~ (0.000015) PRAGMA table_info("projects")
 ~ (0.000014) PRAGMA table_info("projects")
 ~ (0.000012) PRAGMA table_info("projects")
 ~ (0.000288) PRAGMA table_info("projects")
 ~ (0.000021) PRAGMA table_info("projects")
 ~ (0.000121) PRAGMA table_info("projects")
 ~ (0.000012) PRAGMA table_info("projects")
 ~ (0.000011) PRAGMA table_info("projects")
 ~ (0.000012) PRAGMA table_info("projects")
 ~ (0.000011) PRAGMA table_info("projects")
 ~ (0.000011) PRAGMA table_info("projects")
 ~ (0.000254) PRAGMA table_info("projects")
 ~ (0.000017) PRAGMA table_info("projects")
 ~ (0.000115) PRAGMA table_info("projects")
 ~ (0.000012) PRAGMA table_info("projects")
 ~ (0.000012) PRAGMA table_info("projects")
 ~ (0.000014) PRAGMA table_info("projects")
 ~ (0.000017) PRAGMA table_info("projects")
 ~ (0.000015) PRAGMA table_info("projects")
 ~ (0.000073) SELECT "id", "title", "link_to_image", "link_to_web", "created_at" FROM "projects" ORDER BY "created_at" DESC
 ~ (0.000265) PRAGMA table_info("projects")
 ~ (0.000015) PRAGMA table_info("projects")
 ~ (0.000153) PRAGMA table_info("projects")
 ~ (0.000012) PRAGMA table_info("projects")
 ~ (0.000012) PRAGMA table_info("projects")
 ~ (0.000012) PRAGMA table_info("projects")
 ~ (0.000011) PRAGMA table_info("projects")
 ~ (0.000012) PRAGMA table_info("projects")
 ~ (0.000272) PRAGMA table_info("projects")
 ~ (0.000021) PRAGMA table_info("projects")
 ~ (0.000132) PRAGMA table_info("projects")
 ~ (0.000013) PRAGMA table_info("projects")
 ~ (0.000013) PRAGMA table_info("projects")
 ~ (0.000013) PRAGMA table_info("projects")
 ~ (0.000012) PRAGMA table_info("projects")
 ~ (0.000012) PRAGMA table_info("projects")
 ~ (0.000254) PRAGMA table_info("projects")
 ~ (0.000014) PRAGMA table_info("projects")
 ~ (0.000108) PRAGMA table_info("projects")
 ~ (0.000012) PRAGMA table_info("projects")
 ~ (0.000011) PRAGMA table_info("projects")
 ~ (0.000012) PRAGMA table_info("projects")
 ~ (0.000011) PRAGMA table_info("projects")
 ~ (0.000012) PRAGMA table_info("projects")
 ~ (0.000065) SELECT "id", "title", "link_to_image", "link_to_web", "created_at" FROM "projects" ORDER BY "created_at" DESC
 ~ (0.000326) PRAGMA table_info("projects")
 ~ (0.000020) PRAGMA table_info("projects")
 ~ (0.000172) PRAGMA table_info("projects")
 ~ (0.000015) PRAGMA table_info("projects")
 ~ (0.000013) PRAGMA table_info("projects")
 ~ (0.000014) PRAGMA table_info("projects")
 ~ (0.000012) PRAGMA table_info("projects")
 ~ (0.000015) PRAGMA table_info("projects")
 ~ (0.000066) SELECT "id", "title", "link_to_image", "link_to_web", "created_at" FROM "projects" ORDER BY "created_at" DESC
 ~ (0.000274) PRAGMA table_info("projects")
 ~ (0.000014) PRAGMA table_info("projects")
 ~ (0.000113) PRAGMA table_info("projects")
 ~ (0.000012) PRAGMA table_info("projects")
 ~ (0.000012) PRAGMA table_info("projects")
 ~ (0.000011) PRAGMA table_info("projects")
 ~ (0.000011) PRAGMA table_info("projects")
 ~ (0.000011) PRAGMA table_info("projects")
 ~ (0.000254) PRAGMA table_info("projects")
 ~ (0.000014) PRAGMA table_info("projects")
 ~ (0.000108) PRAGMA table_info("projects")
 ~ (0.000011) PRAGMA table_info("projects")
 ~ (0.000012) PRAGMA table_info("projects")
 ~ (0.000011) PRAGMA table_info("projects")
 ~ (0.000012) PRAGMA table_info("projects")
 ~ (0.000012) PRAGMA table_info("projects")
 ~ (0.000065) SELECT "id", "title", "link_to_image", "link_to_web", "created_at" FROM "projects" ORDER BY "created_at" DESC
 ~ (0.000270) PRAGMA table_info("projects")
 ~ (0.000016) PRAGMA table_info("projects")
 ~ (0.000125) PRAGMA table_info("projects")
 ~ (0.000013) PRAGMA table_info("projects")
 ~ (0.000012) PRAGMA table_info("projects")
 ~ (0.000011) PRAGMA table_info("projects")
 ~ (0.000011) PRAGMA table_info("projects")
 ~ (0.000011) PRAGMA table_info("projects")
 ~ (0.000070) SELECT "id", "title", "link_to_image", "link_to_web", "created_at" FROM "projects" ORDER BY "created_at" DESC
 ~ (0.000254) PRAGMA table_info("projects")
 ~ (0.000013) PRAGMA table_info("projects")
 ~ (0.000110) PRAGMA table_info("projects")
 ~ (0.000013) PRAGMA table_info("projects")
 ~ (0.000011) PRAGMA table_info("projects")
 ~ (0.000012) PRAGMA table_info("projects")
 ~ (0.000011) PRAGMA table_info("projects")
 ~ (0.000012) PRAGMA table_info("projects")
 ~ (0.000063) SELECT "id", "title", "link_to_image", "link_to_web", "created_at" FROM "projects" ORDER BY "id"
 ~ (0.000263) PRAGMA table_info("projects")
 ~ (0.000014) PRAGMA table_info("projects")
 ~ (0.000110) PRAGMA table_info("projects")
 ~ (0.000012) PRAGMA table_info("projects")
 ~ (0.000012) PRAGMA table_info("projects")
 ~ (0.000012) PRAGMA table_info("projects")
 ~ (0.000011) PRAGMA table_info("projects")
 ~ (0.000013) PRAGMA table_info("projects")
 ~ (0.000062) SELECT "id", "title", "link_to_image", "link_to_web", "created_at" FROM "projects" ORDER BY "id"
 ~ (0.000279) PRAGMA table_info("projects")
 ~ (0.000021) PRAGMA table_info("projects")
 ~ (0.000120) PRAGMA table_info("projects")
 ~ (0.000012) PRAGMA table_info("projects")
 ~ (0.000012) PRAGMA table_info("projects")
 ~ (0.000011) PRAGMA table_info("projects")
 ~ (0.000013) PRAGMA table_info("projects")
 ~ (0.000012) PRAGMA table_info("projects")
 ~ (0.000064) SELECT "id", "title", "link_to_image", "link_to_web", "created_at" FROM "projects" ORDER BY "created_at" DESC
 ~ (0.000300) PRAGMA table_info("projects")
 ~ (0.000015) PRAGMA table_info("projects")
 ~ (0.000116) PRAGMA table_info("projects")
 ~ (0.000012) PRAGMA table_info("projects")
 ~ (0.000012) PRAGMA table_info("projects")
 ~ (0.000012) PRAGMA table_info("projects")
 ~ (0.000011) PRAGMA table_info("projects")
 ~ (0.000012) PRAGMA table_info("projects")
 ~ (0.000066) SELECT "id", "title", "link_to_image", "link_to_web", "created_at" FROM "projects" ORDER BY "created_at" DESC
 ~ (0.000251) PRAGMA table_info("projects")
 ~ (0.000013) PRAGMA table_info("projects")
 ~ (0.000113) PRAGMA table_info("projects")
 ~ (0.000012) PRAGMA table_info("projects")
 ~ (0.000012) PRAGMA table_info("projects")
 ~ (0.000013) PRAGMA table_info("projects")
 ~ (0.000011) PRAGMA table_info("projects")
 ~ (0.000011) PRAGMA table_info("projects")
 ~ (0.000066) SELECT "id", "title", "link_to_image", "link_to_web", "created_at" FROM "projects" ORDER BY "created_at" DESC
 ~ (0.000280) PRAGMA table_info("projects")
 ~ (0.000020) PRAGMA table_info("projects")
 ~ (0.000116) PRAGMA table_info("projects")
 ~ (0.000012) PRAGMA table_info("projects")
 ~ (0.000012) PRAGMA table_info("projects")
 ~ (0.000016) PRAGMA table_info("projects")
 ~ (0.000012) PRAGMA table_info("projects")
 ~ (0.000013) PRAGMA table_info("projects")
 ~ (0.000070) SELECT "id", "title", "link_to_image", "link_to_web", "created_at" FROM "projects" ORDER BY "created_at" DESC
 ~ (0.000043) SELECT "id", "desc" FROM "projects" ORDER BY "created_at" DESC
 ~ (0.000265) PRAGMA table_info("projects")
 ~ (0.000022) PRAGMA table_info("projects")
 ~ (0.000127) PRAGMA table_info("projects")
 ~ (0.000012) PRAGMA table_info("projects")
 ~ (0.000012) PRAGMA table_info("projects")
 ~ (0.000018) PRAGMA table_info("projects")
 ~ (0.000012) PRAGMA table_info("projects")
 ~ (0.000012) PRAGMA table_info("projects")
 ~ (0.000264) PRAGMA table_info("projects")
 ~ (0.000019) PRAGMA table_info("projects")
 ~ (0.000117) PRAGMA table_info("projects")
 ~ (0.000013) PRAGMA table_info("projects")
 ~ (0.000015) PRAGMA table_info("projects")
 ~ (0.000013) PRAGMA table_info("projects")
 ~ (0.000012) PRAGMA table_info("projects")
 ~ (0.000013) PRAGMA table_info("projects")
 ~ (0.000267) PRAGMA table_info("projects")
 ~ (0.000021) PRAGMA table_info("projects")
 ~ (0.000111) PRAGMA table_info("projects")
 ~ (0.000011) PRAGMA table_info("projects")
 ~ (0.000011) PRAGMA table_info("projects")
 ~ (0.000011) PRAGMA table_info("projects")
 ~ (0.000012) PRAGMA table_info("projects")
 ~ (0.000011) PRAGMA table_info("projects")
 ~ (0.000067) SELECT "id", "title", "link_to_image", "link_to_web", "created_at" FROM "projects" ORDER BY "created_at" DESC
 ~ (0.000031) SELECT "id", "desc" FROM "projects" ORDER BY "created_at" DESC
 ~ (0.000282) PRAGMA table_info("projects")
 ~ (0.000014) PRAGMA table_info("projects")
 ~ (0.000111) PRAGMA table_info("projects")
 ~ (0.000012) PRAGMA table_info("projects")
 ~ (0.000011) PRAGMA table_info("projects")
 ~ (0.000012) PRAGMA table_info("projects")
 ~ (0.000011) PRAGMA table_info("projects")
 ~ (0.000012) PRAGMA table_info("projects")
 ~ (0.000067) SELECT "id", "title", "link_to_image", "link_to_web", "created_at" FROM "projects" ORDER BY "created_at" DESC
 ~ (0.000042) SELECT "id", "desc" FROM "projects" ORDER BY "created_at" DESC
 ~ (0.000303) PRAGMA table_info("projects")
 ~ (0.000020) PRAGMA table_info("projects")
 ~ (0.000118) PRAGMA table_info("projects")
 ~ (0.000012) PRAGMA table_info("projects")
 ~ (0.000012) PRAGMA table_info("projects")
 ~ (0.000011) PRAGMA table_info("projects")
 ~ (0.000012) PRAGMA table_info("projects")
 ~ (0.000012) PRAGMA table_info("projects")
 ~ (0.000065) SELECT "id", "title", "link_to_image", "link_to_web", "created_at" FROM "projects" ORDER BY "created_at" DESC
 ~ (0.000030) SELECT "id", "desc" FROM "projects" ORDER BY "created_at" DESC
 ~ (0.000270) PRAGMA table_info("projects")
 ~ (0.000015) PRAGMA table_info("projects")
 ~ (0.000338) PRAGMA table_info("projects")
 ~ (0.000013) PRAGMA table_info("projects")
 ~ (0.000011) PRAGMA table_info("projects")
 ~ (0.000011) PRAGMA table_info("projects")
 ~ (0.000011) PRAGMA table_info("projects")
 ~ (0.000011) PRAGMA table_info("projects")
 ~ (0.000067) SELECT "id", "title", "link_to_image", "link_to_web", "created_at" FROM "projects" ORDER BY "created_at" DESC
 ~ (0.000036) SELECT "id", "desc" FROM "projects" ORDER BY "created_at" DESC
 ~ (0.000253) PRAGMA table_info("projects")
 ~ (0.000015) PRAGMA table_info("projects")
 ~ (0.000110) PRAGMA table_info("projects")
 ~ (0.000012) PRAGMA table_info("projects")
 ~ (0.000011) PRAGMA table_info("projects")
 ~ (0.000011) PRAGMA table_info("projects")
 ~ (0.000012) PRAGMA table_info("projects")
 ~ (0.000011) PRAGMA table_info("projects")
 ~ (0.000065) SELECT "id", "title", "link_to_image", "link_to_web", "created_at" FROM "projects" ORDER BY "created_at" DESC
 ~ (0.000032) SELECT "id", "desc" FROM "projects" ORDER BY "created_at" DESC
 ~ (0.000269) PRAGMA table_info("projects")
 ~ (0.000015) PRAGMA table_info("projects")
 ~ (0.000146) PRAGMA table_info("projects")
 ~ (0.000016) PRAGMA table_info("projects")
 ~ (0.000013) PRAGMA table_info("projects")
 ~ (0.000011) PRAGMA table_info("projects")
 ~ (0.000012) PRAGMA table_info("projects")
 ~ (0.000012) PRAGMA table_info("projects")
 ~ (0.000069) SELECT "id", "title", "link_to_image", "link_to_web", "created_at" FROM "projects" ORDER BY "created_at" DESC
 ~ (0.000046) SELECT "id", "desc" FROM "projects" ORDER BY "created_at" DESC
 ~ (0.000270) PRAGMA table_info("projects")
 ~ (0.000015) PRAGMA table_info("projects")
 ~ (0.000121) PRAGMA table_info("projects")
 ~ (0.000015) PRAGMA table_info("projects")
 ~ (0.000016) PRAGMA table_info("projects")
 ~ (0.000016) PRAGMA table_info("projects")
 ~ (0.000011) PRAGMA table_info("projects")
 ~ (0.000011) PRAGMA table_info("projects")
 ~ (0.000261) PRAGMA table_info("projects")
 ~ (0.000016) PRAGMA table_info("projects")
 ~ (0.000119) PRAGMA table_info("projects")
 ~ (0.000011) PRAGMA table_info("projects")
 ~ (0.000011) PRAGMA table_info("projects")
 ~ (0.000012) PRAGMA table_info("projects")
 ~ (0.000011) PRAGMA table_info("projects")
 ~ (0.000011) PRAGMA table_info("projects")
 ~ (0.000073) SELECT "id", "title", "link_to_image", "link_to_web", "created_at" FROM "projects" ORDER BY "created_at" DESC
 ~ (0.000050) SELECT "id", "desc" FROM "projects" ORDER BY "created_at" DESC
 ~ (0.000272) PRAGMA table_info("projects")
 ~ (0.000016) PRAGMA table_info("projects")
 ~ (0.000114) PRAGMA table_info("projects")
 ~ (0.000011) PRAGMA table_info("projects")
 ~ (0.000011) PRAGMA table_info("projects")
 ~ (0.000010) PRAGMA table_info("projects")
 ~ (0.000011) PRAGMA table_info("projects")
 ~ (0.000011) PRAGMA table_info("projects")
 ~ (0.000066) SELECT "id", "title", "link_to_image", "link_to_web", "created_at" FROM "projects" ORDER BY "created_at" DESC
 ~ (0.000032) SELECT "id", "desc" FROM "projects" ORDER BY "created_at" DESC
 ~ (0.000258) PRAGMA table_info("projects")
 ~ (0.000015) PRAGMA table_info("projects")
 ~ (0.000113) PRAGMA table_info("projects")
 ~ (0.000012) PRAGMA table_info("projects")
 ~ (0.000012) PRAGMA table_info("projects")
 ~ (0.000012) PRAGMA table_info("projects")
 ~ (0.000011) PRAGMA table_info("projects")
 ~ (0.000011) PRAGMA table_info("projects")
 ~ (0.000263) PRAGMA table_info("projects")
 ~ (0.000013) PRAGMA table_info("projects")
 ~ (0.000110) PRAGMA table_info("projects")
 ~ (0.000012) PRAGMA table_info("projects")
 ~ (0.000012) PRAGMA table_info("projects")
 ~ (0.000013) PRAGMA table_info("projects")
 ~ (0.000011) PRAGMA table_info("projects")
 ~ (0.000012) PRAGMA table_info("projects")
 ~ (0.000275) PRAGMA table_info("projects")
 ~ (0.000016) PRAGMA table_info("projects")
 ~ (0.000133) PRAGMA table_info("projects")
 ~ (0.000015) PRAGMA table_info("projects")
 ~ (0.000014) PRAGMA table_info("projects")
 ~ (0.000011) PRAGMA table_info("projects")
 ~ (0.000012) PRAGMA table_info("projects")
 ~ (0.000011) PRAGMA table_info("projects")
 ~ (0.000253) PRAGMA table_info("projects")
 ~ (0.000013) PRAGMA table_info("projects")
 ~ (0.000112) PRAGMA table_info("projects")
 ~ (0.000013) PRAGMA table_info("projects")
 ~ (0.000012) PRAGMA table_info("projects")
 ~ (0.000013) PRAGMA table_info("projects")
 ~ (0.000012) PRAGMA table_info("projects")
 ~ (0.000011) PRAGMA table_info("projects")
 ~ (0.000301) PRAGMA table_info("projects")
 ~ (0.000015) PRAGMA table_info("projects")
 ~ (0.000120) PRAGMA table_info("projects")
 ~ (0.000011) PRAGMA table_info("projects")
 ~ (0.000011) PRAGMA table_info("projects")
 ~ (0.000011) PRAGMA table_info("projects")
 ~ (0.000011) PRAGMA table_info("projects")
 ~ (0.000011) PRAGMA table_info("projects")
 ~ (0.000066) SELECT "id", "title", "link_to_image", "link_to_web", "created_at" FROM "projects" ORDER BY "created_at" DESC
 ~ (0.000034) SELECT "id", "desc" FROM "projects" ORDER BY "created_at" DESC
 ~ (0.000265) PRAGMA table_info("projects")
 ~ (0.000015) PRAGMA table_info("projects")
 ~ (0.000115) PRAGMA table_info("projects")
 ~ (0.000012) PRAGMA table_info("projects")
 ~ (0.000011) PRAGMA table_info("projects")
 ~ (0.000011) PRAGMA table_info("projects")
 ~ (0.000011) PRAGMA table_info("projects")
 ~ (0.000011) PRAGMA table_info("projects")
 ~ (0.000260) PRAGMA table_info("projects")
 ~ (0.000014) PRAGMA table_info("projects")
 ~ (0.000114) PRAGMA table_info("projects")
 ~ (0.000012) PRAGMA table_info("projects")
 ~ (0.000011) PRAGMA table_info("projects")
 ~ (0.000011) PRAGMA table_info("projects")
 ~ (0.000011) PRAGMA table_info("projects")
 ~ (0.000011) PRAGMA table_info("projects")
 ~ (0.000256) PRAGMA table_info("projects")
 ~ (0.000014) PRAGMA table_info("projects")
 ~ (0.000137) PRAGMA table_info("projects")
 ~ (0.000012) PRAGMA table_info("projects")
 ~ (0.000011) PRAGMA table_info("projects")
 ~ (0.000011) PRAGMA table_info("projects")
 ~ (0.000011) PRAGMA table_info("projects")
 ~ (0.000011) PRAGMA table_info("projects")
 ~ (0.000259) PRAGMA table_info("projects")
 ~ (0.000026) PRAGMA table_info("projects")
 ~ (0.000140) PRAGMA table_info("projects")
 ~ (0.000012) PRAGMA table_info("projects")
 ~ (0.000011) PRAGMA table_info("projects")
 ~ (0.000013) PRAGMA table_info("projects")
 ~ (0.000014) PRAGMA table_info("projects")
 ~ (0.000014) PRAGMA table_info("projects")
 ~ (0.000258) PRAGMA table_info("projects")
 ~ (0.000015) PRAGMA table_info("projects")
 ~ (0.000112) PRAGMA table_info("projects")
 ~ (0.000012) PRAGMA table_info("projects")
 ~ (0.000010) PRAGMA table_info("projects")
 ~ (0.000010) PRAGMA table_info("projects")
 ~ (0.000013) PRAGMA table_info("projects")
 ~ (0.000010) PRAGMA table_info("projects")
 ~ (0.000274) PRAGMA table_info("projects")
 ~ (0.000018) PRAGMA table_info("projects")
 ~ (0.000131) PRAGMA table_info("projects")
 ~ (0.000016) PRAGMA table_info("projects")
 ~ (0.000014) PRAGMA table_info("projects")
 ~ (0.000012) PRAGMA table_info("projects")
 ~ (0.000011) PRAGMA table_info("projects")
 ~ (0.000011) PRAGMA table_info("projects")
 ~ (0.000257) PRAGMA table_info("projects")
 ~ (0.000015) PRAGMA table_info("projects")
 ~ (0.000117) PRAGMA table_info("projects")
 ~ (0.000011) PRAGMA table_info("projects")
 ~ (0.000011) PRAGMA table_info("projects")
 ~ (0.000011) PRAGMA table_info("projects")
 ~ (0.000011) PRAGMA table_info("projects")
 ~ (0.000011) PRAGMA table_info("projects")
 ~ (0.000261) PRAGMA table_info("projects")
 ~ (0.000014) PRAGMA table_info("projects")
 ~ (0.000115) PRAGMA table_info("projects")
 ~ (0.000012) PRAGMA table_info("projects")
 ~ (0.000012) PRAGMA table_info("projects")
 ~ (0.000013) PRAGMA table_info("projects")
 ~ (0.000012) PRAGMA table_info("projects")
 ~ (0.000011) PRAGMA table_info("projects")
 ~ (0.000273) PRAGMA table_info("projects")
 ~ (0.000018) PRAGMA table_info("projects")
 ~ (0.000140) PRAGMA table_info("projects")
 ~ (0.000014) PRAGMA table_info("projects")
 ~ (0.000012) PRAGMA table_info("projects")
 ~ (0.000012) PRAGMA table_info("projects")
 ~ (0.000012) PRAGMA table_info("projects")
 ~ (0.000012) PRAGMA table_info("projects")
 ~ (0.000267) PRAGMA table_info("projects")
 ~ (0.000018) PRAGMA table_info("projects")
 ~ (0.000122) PRAGMA table_info("projects")
 ~ (0.000012) PRAGMA table_info("projects")
 ~ (0.000012) PRAGMA table_info("projects")
 ~ (0.000011) PRAGMA table_info("projects")
 ~ (0.000011) PRAGMA table_info("projects")
 ~ (0.000010) PRAGMA table_info("projects")
 ~ (0.000270) PRAGMA table_info("projects")
 ~ (0.000014) PRAGMA table_info("projects")
 ~ (0.000120) PRAGMA table_info("projects")
 ~ (0.000016) PRAGMA table_info("projects")
 ~ (0.000015) PRAGMA table_info("projects")
 ~ (0.000013) PRAGMA table_info("projects")
 ~ (0.000012) PRAGMA table_info("projects")
 ~ (0.000012) PRAGMA table_info("projects")
 ~ (0.000328) PRAGMA table_info("projects")
 ~ (0.000020) PRAGMA table_info("projects")
 ~ (0.000189) PRAGMA table_info("projects")
 ~ (0.000014) PRAGMA table_info("projects")
 ~ (0.000012) PRAGMA table_info("projects")
 ~ (0.000012) PRAGMA table_info("projects")
 ~ (0.000013) PRAGMA table_info("projects")
 ~ (0.000019) PRAGMA table_info("projects")
 ~ (0.000266) PRAGMA table_info("projects")
 ~ (0.000014) PRAGMA table_info("projects")
 ~ (0.000110) PRAGMA table_info("projects")
 ~ (0.000012) PRAGMA table_info("projects")
 ~ (0.000011) PRAGMA table_info("projects")
 ~ (0.000011) PRAGMA table_info("projects")
 ~ (0.000011) PRAGMA table_info("projects")
 ~ (0.000011) PRAGMA table_info("projects")
 ~ (0.000257) PRAGMA table_info("projects")
 ~ (0.000014) PRAGMA table_info("projects")
 ~ (0.000109) PRAGMA table_info("projects")
 ~ (0.000011) PRAGMA table_info("projects")
 ~ (0.000011) PRAGMA table_info("projects")
 ~ (0.000012) PRAGMA table_info("projects")
 ~ (0.000012) PRAGMA table_info("projects")
 ~ (0.000012) PRAGMA table_info("projects")
 ~ (0.000256) PRAGMA table_info("projects")
 ~ (0.000017) PRAGMA table_info("projects")
 ~ (0.000119) PRAGMA table_info("projects")
 ~ (0.000011) PRAGMA table_info("projects")
 ~ (0.000011) PRAGMA table_info("projects")
 ~ (0.000011) PRAGMA table_info("projects")
 ~ (0.000011) PRAGMA table_info("projects")
 ~ (0.000011) PRAGMA table_info("projects")
 ~ (0.000267) PRAGMA table_info("projects")
 ~ (0.000015) PRAGMA table_info("projects")
 ~ (0.000116) PRAGMA table_info("projects")
 ~ (0.000013) PRAGMA table_info("projects")
 ~ (0.000012) PRAGMA table_info("projects")
 ~ (0.000012) PRAGMA table_info("projects")
 ~ (0.000012) PRAGMA table_info("projects")
 ~ (0.000012) PRAGMA table_info("projects")
 ~ (0.000257) PRAGMA table_info("projects")
 ~ (0.000015) PRAGMA table_info("projects")
 ~ (0.000118) PRAGMA table_info("projects")
 ~ (0.000011) PRAGMA table_info("projects")
 ~ (0.000011) PRAGMA table_info("projects")
 ~ (0.000011) PRAGMA table_info("projects")
 ~ (0.000011) PRAGMA table_info("projects")
 ~ (0.000011) PRAGMA table_info("projects")
 ~ (0.000258) PRAGMA table_info("projects")
 ~ (0.000015) PRAGMA table_info("projects")
 ~ (0.000109) PRAGMA table_info("projects")
 ~ (0.000011) PRAGMA table_info("projects")
 ~ (0.000011) PRAGMA table_info("projects")
 ~ (0.000010) PRAGMA table_info("projects")
 ~ (0.000011) PRAGMA table_info("projects")
 ~ (0.000011) PRAGMA table_info("projects")
 ~ (0.000251) PRAGMA table_info("projects")
 ~ (0.000013) PRAGMA table_info("projects")
 ~ (0.000109) PRAGMA table_info("projects")
 ~ (0.000012) PRAGMA table_info("projects")
 ~ (0.000013) PRAGMA table_info("projects")
 ~ (0.000012) PRAGMA table_info("projects")
 ~ (0.000012) PRAGMA table_info("projects")
 ~ (0.000011) PRAGMA table_info("projects")
 ~ (0.000251) PRAGMA table_info("projects")
 ~ (0.000013) PRAGMA table_info("projects")
 ~ (0.000105) PRAGMA table_info("projects")
 ~ (0.000012) PRAGMA table_info("projects")
 ~ (0.000012) PRAGMA table_info("projects")
 ~ (0.000012) PRAGMA table_info("projects")
 ~ (0.000015) PRAGMA table_info("projects")
 ~ (0.000015) PRAGMA table_info("projects")
 ~ (0.000067) SELECT "id", "title", "link_to_image", "link_to_web", "created_at" FROM "projects" ORDER BY "created_at" DESC
 ~ (0.000040) SELECT "id", "desc" FROM "projects" ORDER BY "created_at" DESC
 ~ (0.000276) PRAGMA table_info("projects")
 ~ (0.000014) PRAGMA table_info("projects")
 ~ (0.000110) PRAGMA table_info("projects")
 ~ (0.000045) PRAGMA table_info("projects")
 ~ (0.000011) PRAGMA table_info("projects")
 ~ (0.000012) PRAGMA table_info("projects")
 ~ (0.000012) PRAGMA table_info("projects")
 ~ (0.000015) PRAGMA table_info("projects")
 ~ (0.000262) PRAGMA table_info("projects")
 ~ (0.000018) PRAGMA table_info("projects")
 ~ (0.000128) PRAGMA table_info("projects")
 ~ (0.000014) PRAGMA table_info("projects")
 ~ (0.000013) PRAGMA table_info("projects")
 ~ (0.000012) PRAGMA table_info("projects")
 ~ (0.000014) PRAGMA table_info("projects")
 ~ (0.000013) PRAGMA table_info("projects")
 ~ (0.017093) PRAGMA table_info("projects")
 ~ (0.000022) PRAGMA table_info("projects")
 ~ (0.000136) PRAGMA table_info("projects")
 ~ (0.000017) PRAGMA table_info("projects")
 ~ (0.000016) PRAGMA table_info("projects")
 ~ (0.000013) PRAGMA table_info("projects")
 ~ (0.000012) PRAGMA table_info("projects")
 ~ (0.000012) PRAGMA table_info("projects")
 ~ (0.000289) PRAGMA table_info("projects")
 ~ (0.000016) PRAGMA table_info("projects")
 ~ (0.000118) PRAGMA table_info("projects")
 ~ (0.000014) PRAGMA table_info("projects")
 ~ (0.000013) PRAGMA table_info("projects")
 ~ (0.000013) PRAGMA table_info("projects")
 ~ (0.000012) PRAGMA table_info("projects")
 ~ (0.000012) PRAGMA table_info("projects")
 ~ (0.000068) SELECT "id", "title", "link_to_image", "link_to_web", "created_at" FROM "projects" ORDER BY "created_at" DESC
 ~ (0.000033) SELECT "id", "desc" FROM "projects" ORDER BY "created_at" DESC
 ~ (0.000261) PRAGMA table_info("projects")
 ~ (0.000018) PRAGMA table_info("projects")
 ~ (0.000129) PRAGMA table_info("projects")
 ~ (0.000012) PRAGMA table_info("projects")
 ~ (0.000011) PRAGMA table_info("projects")
 ~ (0.000012) PRAGMA table_info("projects")
 ~ (0.000011) PRAGMA table_info("projects")
 ~ (0.000012) PRAGMA table_info("projects")
 ~ (0.000273) PRAGMA table_info("projects")
 ~ (0.000013) PRAGMA table_info("projects")
 ~ (0.000113) PRAGMA table_info("projects")
 ~ (0.000012) PRAGMA table_info("projects")
 ~ (0.000013) PRAGMA table_info("projects")
 ~ (0.000016) PRAGMA table_info("projects")
 ~ (0.000014) PRAGMA table_info("projects")
 ~ (0.000012) PRAGMA table_info("projects")
 ~ (0.000279) PRAGMA table_info("projects")
 ~ (0.000016) PRAGMA table_info("projects")
 ~ (0.000138) PRAGMA table_info("projects")
 ~ (0.000015) PRAGMA table_info("projects")
 ~ (0.000015) PRAGMA table_info("projects")
 ~ (0.000012) PRAGMA table_info("projects")
 ~ (0.000012) PRAGMA table_info("projects")
 ~ (0.000012) PRAGMA table_info("projects")
 ~ (0.000271) PRAGMA table_info("projects")
 ~ (0.000014) PRAGMA table_info("projects")
 ~ (0.000114) PRAGMA table_info("projects")
 ~ (0.000012) PRAGMA table_info("projects")
 ~ (0.000020) PRAGMA table_info("projects")
 ~ (0.000013) PRAGMA table_info("projects")
 ~ (0.000012) PRAGMA table_info("projects")
 ~ (0.000012) PRAGMA table_info("projects")
 ~ (0.000288) PRAGMA table_info("projects")
 ~ (0.000021) PRAGMA table_info("projects")
 ~ (0.000138) PRAGMA table_info("projects")
 ~ (0.000011) PRAGMA table_info("projects")
 ~ (0.000012) PRAGMA table_info("projects")
 ~ (0.000012) PRAGMA table_info("projects")
 ~ (0.000011) PRAGMA table_info("projects")
 ~ (0.000012) PRAGMA table_info("projects")
 ~ (0.000314) PRAGMA table_info("projects")
 ~ (0.000026) PRAGMA table_info("projects")
 ~ (0.000143) PRAGMA table_info("projects")
 ~ (0.000017) PRAGMA table_info("projects")
 ~ (0.000015) PRAGMA table_info("projects")
 ~ (0.000014) PRAGMA table_info("projects")
 ~ (0.000017) PRAGMA table_info("projects")
 ~ (0.000015) PRAGMA table_info("projects")
 ~ (0.000281) PRAGMA table_info("projects")
 ~ (0.000019) PRAGMA table_info("projects")
 ~ (0.000168) PRAGMA table_info("projects")
 ~ (0.000012) PRAGMA table_info("projects")
 ~ (0.000011) PRAGMA table_info("projects")
 ~ (0.000011) PRAGMA table_info("projects")
 ~ (0.000011) PRAGMA table_info("projects")
 ~ (0.000011) PRAGMA table_info("projects")
 ~ (0.000069) SELECT "id", "title", "link_to_image", "link_to_web", "created_at" FROM "projects" ORDER BY "created_at" DESC
 ~ (0.000047) SELECT "id", "desc" FROM "projects" ORDER BY "created_at" DESC
 ~ (0.000261) PRAGMA table_info("projects")
 ~ (0.000013) PRAGMA table_info("projects")
 ~ (0.000128) PRAGMA table_info("projects")
 ~ (0.000015) PRAGMA table_info("projects")
 ~ (0.000050) PRAGMA table_info("projects")
 ~ (0.000033) PRAGMA table_info("projects")
 ~ (0.000032) PRAGMA table_info("projects")
 ~ (0.000030) PRAGMA table_info("projects")
 ~ (0.000295) PRAGMA table_info("projects")
 ~ (0.000021) PRAGMA table_info("projects")
 ~ (0.000129) PRAGMA table_info("projects")
 ~ (0.000016) PRAGMA table_info("projects")
 ~ (0.000016) PRAGMA table_info("projects")
 ~ (0.000012) PRAGMA table_info("projects")
 ~ (0.000011) PRAGMA table_info("projects")
 ~ (0.000011) PRAGMA table_info("projects")
 ~ (0.000267) PRAGMA table_info("projects")
 ~ (0.000015) PRAGMA table_info("projects")
 ~ (0.000119) PRAGMA table_info("projects")
 ~ (0.000011) PRAGMA table_info("projects")
 ~ (0.000012) PRAGMA table_info("projects")
 ~ (0.000011) PRAGMA table_info("projects")
 ~ (0.000010) PRAGMA table_info("projects")
 ~ (0.000011) PRAGMA table_info("projects")
 ~ (0.000263) PRAGMA table_info("projects")
 ~ (0.000016) PRAGMA table_info("projects")
 ~ (0.000113) PRAGMA table_info("projects")
 ~ (0.000012) PRAGMA table_info("projects")
 ~ (0.000013) PRAGMA table_info("projects")
 ~ (0.000016) PRAGMA table_info("projects")
 ~ (0.000018) PRAGMA table_info("projects")
 ~ (0.000012) PRAGMA table_info("projects")
 ~ (0.000458) PRAGMA table_info("projects")
 ~ (0.000013) PRAGMA table_info("projects")
 ~ (0.000109) PRAGMA table_info("projects")
 ~ (0.000012) PRAGMA table_info("projects")
 ~ (0.000012) PRAGMA table_info("projects")
 ~ (0.000011) PRAGMA table_info("projects")
 ~ (0.000012) PRAGMA table_info("projects")
 ~ (0.000013) PRAGMA table_info("projects")
 ~ (0.000312) PRAGMA table_info("projects")
 ~ (0.000022) PRAGMA table_info("projects")
 ~ (0.000136) PRAGMA table_info("projects")
 ~ (0.000028) PRAGMA table_info("projects")
 ~ (0.000017) PRAGMA table_info("projects")
 ~ (0.000017) PRAGMA table_info("projects")
 ~ (0.000017) PRAGMA table_info("projects")
 ~ (0.000013) PRAGMA table_info("projects")
 ~ (0.000460) PRAGMA table_info("projects")
 ~ (0.000016) PRAGMA table_info("projects")
 ~ (0.000117) PRAGMA table_info("projects")
 ~ (0.000020) PRAGMA table_info("projects")
 ~ (0.000013) PRAGMA table_info("projects")
 ~ (0.000012) PRAGMA table_info("projects")
 ~ (0.000012) PRAGMA table_info("projects")
 ~ (0.000011) PRAGMA table_info("projects")
 ~ (0.000283) PRAGMA table_info("projects")
 ~ (0.000015) PRAGMA table_info("projects")
 ~ (0.000117) PRAGMA table_info("projects")
 ~ (0.000017) PRAGMA table_info("projects")
 ~ (0.000014) PRAGMA table_info("projects")
 ~ (0.000012) PRAGMA table_info("projects")
 ~ (0.000010) PRAGMA table_info("projects")
 ~ (0.000013) PRAGMA table_info("projects")
 ~ (0.000274) PRAGMA table_info("projects")
 ~ (0.000014) PRAGMA table_info("projects")
 ~ (0.000117) PRAGMA table_info("projects")
 ~ (0.000013) PRAGMA table_info("projects")
 ~ (0.000012) PRAGMA table_info("projects")
 ~ (0.000013) PRAGMA table_info("projects")
 ~ (0.000013) PRAGMA table_info("projects")
 ~ (0.000014) PRAGMA table_info("projects")
 ~ (0.000273) PRAGMA table_info("projects")
 ~ (0.000013) PRAGMA table_info("projects")
 ~ (0.000112) PRAGMA table_info("projects")
 ~ (0.000013) PRAGMA table_info("projects")
 ~ (0.000018) PRAGMA table_info("projects")
 ~ (0.000012) PRAGMA table_info("projects")
 ~ (0.000012) PRAGMA table_info("projects")
 ~ (0.000012) PRAGMA table_info("projects")
 ~ (0.000276) PRAGMA table_info("projects")
 ~ (0.000014) PRAGMA table_info("projects")
 ~ (0.000112) PRAGMA table_info("projects")
 ~ (0.000012) PRAGMA table_info("projects")
 ~ (0.000012) PRAGMA table_info("projects")
 ~ (0.000011) PRAGMA table_info("projects")
 ~ (0.000011) PRAGMA table_info("projects")
 ~ (0.000011) PRAGMA table_info("projects")
 ~ (0.000275) PRAGMA table_info("projects")
 ~ (0.000015) PRAGMA table_info("projects")
 ~ (0.000115) PRAGMA table_info("projects")
 ~ (0.000011) PRAGMA table_info("projects")
 ~ (0.000011) PRAGMA table_info("projects")
 ~ (0.000010) PRAGMA table_info("projects")
 ~ (0.000011) PRAGMA table_info("projects")
 ~ (0.000011) PRAGMA table_info("projects")
 ~ (0.000275) PRAGMA table_info("projects")
 ~ (0.000016) PRAGMA table_info("projects")
 ~ (0.000116) PRAGMA table_info("projects")
 ~ (0.000013) PRAGMA table_info("projects")
 ~ (0.000011) PRAGMA table_info("projects")
 ~ (0.000012) PRAGMA table_info("projects")
 ~ (0.000012) PRAGMA table_info("projects")
 ~ (0.000011) PRAGMA table_info("projects")
 ~ (0.000278) PRAGMA table_info("projects")
 ~ (0.000015) PRAGMA table_info("projects")
 ~ (0.000128) PRAGMA table_info("projects")
 ~ (0.000012) PRAGMA table_info("projects")
 ~ (0.000013) PRAGMA table_info("projects")
 ~ (0.000013) PRAGMA table_info("projects")
 ~ (0.000012) PRAGMA table_info("projects")
 ~ (0.000012) PRAGMA table_info("projects")
 ~ (0.000264) PRAGMA table_info("projects")
 ~ (0.000014) PRAGMA table_info("projects")
 ~ (0.000109) PRAGMA table_info("projects")
 ~ (0.000012) PRAGMA table_info("projects")
 ~ (0.000011) PRAGMA table_info("projects")
 ~ (0.000011) PRAGMA table_info("projects")
 ~ (0.000011) PRAGMA table_info("projects")
 ~ (0.000011) PRAGMA table_info("projects")
 ~ (0.000283) PRAGMA table_info("projects")
 ~ (0.000016) PRAGMA table_info("projects")
 ~ (0.000110) PRAGMA table_info("projects")
 ~ (0.000012) PRAGMA table_info("projects")
 ~ (0.000011) PRAGMA table_info("projects")
 ~ (0.000012) PRAGMA table_info("projects")
 ~ (0.000012) PRAGMA table_info("projects")
 ~ (0.000011) PRAGMA table_info("projects")
 ~ (0.000278) PRAGMA table_info("projects")
 ~ (0.000014) PRAGMA table_info("projects")
 ~ (0.000110) PRAGMA table_info("projects")
 ~ (0.000012) PRAGMA table_info("projects")
 ~ (0.000015) PRAGMA table_info("projects")
 ~ (0.000014) PRAGMA table_info("projects")
 ~ (0.000012) PRAGMA table_info("projects")
 ~ (0.000012) PRAGMA table_info("projects")
 ~ (0.000065) SELECT "id", "title", "link_to_image", "link_to_web", "created_at" FROM "projects" ORDER BY "created_at" DESC
 ~ (0.000046) SELECT "id", "desc" FROM "projects" ORDER BY "created_at" DESC
 ~ (0.000274) PRAGMA table_info("projects")
 ~ (0.000015) PRAGMA table_info("projects")
 ~ (0.000118) PRAGMA table_info("projects")
 ~ (0.000012) PRAGMA table_info("projects")
 ~ (0.000011) PRAGMA table_info("projects")
 ~ (0.000012) PRAGMA table_info("projects")
 ~ (0.000012) PRAGMA table_info("projects")
 ~ (0.000011) PRAGMA table_info("projects")
 ~ (0.000274) PRAGMA table_info("projects")
 ~ (0.000013) PRAGMA table_info("projects")
 ~ (0.000108) PRAGMA table_info("projects")
 ~ (0.000012) PRAGMA table_info("projects")
 ~ (0.000013) PRAGMA table_info("projects")
 ~ (0.000012) PRAGMA table_info("projects")
 ~ (0.000011) PRAGMA table_info("projects")
 ~ (0.000012) PRAGMA table_info("projects")
 ~ (0.000272) PRAGMA table_info("projects")
 ~ (0.000021) PRAGMA table_info("projects")
 ~ (0.000111) PRAGMA table_info("projects")
 ~ (0.000013) PRAGMA table_info("projects")
 ~ (0.000012) PRAGMA table_info("projects")
 ~ (0.000012) PRAGMA table_info("projects")
 ~ (0.000011) PRAGMA table_info("projects")
 ~ (0.000011) PRAGMA table_info("projects")
 ~ (0.000259) PRAGMA table_info("projects")
 ~ (0.000013) PRAGMA table_info("projects")
 ~ (0.000109) PRAGMA table_info("projects")
 ~ (0.000013) PRAGMA table_info("projects")
 ~ (0.000013) PRAGMA table_info("projects")
 ~ (0.000012) PRAGMA table_info("projects")
 ~ (0.000016) PRAGMA table_info("projects")
 ~ (0.000014) PRAGMA table_info("projects")
 ~ (0.000269) PRAGMA table_info("projects")
 ~ (0.000016) PRAGMA table_info("projects")
 ~ (0.000121) PRAGMA table_info("projects")
 ~ (0.000013) PRAGMA table_info("projects")
 ~ (0.000016) PRAGMA table_info("projects")
 ~ (0.000016) PRAGMA table_info("projects")
 ~ (0.000015) PRAGMA table_info("projects")
 ~ (0.000012) PRAGMA table_info("projects")
 ~ (0.000296) PRAGMA table_info("projects")
 ~ (0.000023) PRAGMA table_info("projects")
 ~ (0.000125) PRAGMA table_info("projects")
 ~ (0.000012) PRAGMA table_info("projects")
 ~ (0.000012) PRAGMA table_info("projects")
 ~ (0.000011) PRAGMA table_info("projects")
 ~ (0.000011) PRAGMA table_info("projects")
 ~ (0.000011) PRAGMA table_info("projects")
 ~ (0.000289) PRAGMA table_info("projects")
 ~ (0.000022) PRAGMA table_info("projects")
 ~ (0.000121) PRAGMA table_info("projects")
 ~ (0.000012) PRAGMA table_info("projects")
 ~ (0.000012) PRAGMA table_info("projects")
 ~ (0.000012) PRAGMA table_info("projects")
 ~ (0.000012) PRAGMA table_info("projects")
 ~ (0.000011) PRAGMA table_info("projects")
 ~ (0.000261) PRAGMA table_info("projects")
 ~ (0.000015) PRAGMA table_info("projects")
 ~ (0.000114) PRAGMA table_info("projects")
 ~ (0.000012) PRAGMA table_info("projects")
 ~ (0.000013) PRAGMA table_info("projects")
 ~ (0.000014) PRAGMA table_info("projects")
 ~ (0.000012) PRAGMA table_info("projects")
 ~ (0.000013) PRAGMA table_info("projects")
 ~ (0.000350) PRAGMA table_info("projects")
 ~ (0.000026) PRAGMA table_info("projects")
 ~ (0.000138) PRAGMA table_info("projects")
 ~ (0.000018) PRAGMA table_info("projects")
 ~ (0.000012) PRAGMA table_info("projects")
 ~ (0.000014) PRAGMA table_info("projects")
 ~ (0.000012) PRAGMA table_info("projects")
 ~ (0.000014) PRAGMA table_info("projects")
 ~ (0.000283) PRAGMA table_info("projects")
 ~ (0.000021) PRAGMA table_info("projects")
 ~ (0.000130) PRAGMA table_info("projects")
 ~ (0.000015) PRAGMA table_info("projects")
 ~ (0.000012) PRAGMA table_info("projects")
 ~ (0.000012) PRAGMA table_info("projects")
 ~ (0.000010) PRAGMA table_info("projects")
 ~ (0.000011) PRAGMA table_info("projects")
 ~ (0.000272) PRAGMA table_info("projects")
 ~ (0.000016) PRAGMA table_info("projects")
 ~ (0.000109) PRAGMA table_info("projects")
 ~ (0.000011) PRAGMA table_info("projects")
 ~ (0.000011) PRAGMA table_info("projects")
 ~ (0.000011) PRAGMA table_info("projects")
 ~ (0.000012) PRAGMA table_info("projects")
 ~ (0.000012) PRAGMA table_info("projects")
 ~ (0.000318) PRAGMA table_info("projects")
 ~ (0.000019) PRAGMA table_info("projects")
 ~ (0.000121) PRAGMA table_info("projects")
 ~ (0.000012) PRAGMA table_info("projects")
 ~ (0.000011) PRAGMA table_info("projects")
 ~ (0.000011) PRAGMA table_info("projects")
 ~ (0.000011) PRAGMA table_info("projects")
 ~ (0.000011) PRAGMA table_info("projects")
 ~ (0.000284) PRAGMA table_info("projects")
 ~ (0.000028) PRAGMA table_info("projects")
 ~ (0.000133) PRAGMA table_info("projects")
 ~ (0.000013) PRAGMA table_info("projects")
 ~ (0.000011) PRAGMA table_info("projects")
 ~ (0.000012) PRAGMA table_info("projects")
 ~ (0.000011) PRAGMA table_info("projects")
 ~ (0.000012) PRAGMA table_info("projects")
 ~ (0.000323) PRAGMA table_info("projects")
 ~ (0.000020) PRAGMA table_info("projects")
 ~ (0.000135) PRAGMA table_info("projects")
 ~ (0.000011) PRAGMA table_info("projects")
 ~ (0.000011) PRAGMA table_info("projects")
 ~ (0.000012) PRAGMA table_info("projects")
 ~ (0.000010) PRAGMA table_info("projects")
 ~ (0.000011) PRAGMA table_info("projects")
 ~ (0.000279) PRAGMA table_info("projects")
 ~ (0.000023) PRAGMA table_info("projects")
 ~ (0.000137) PRAGMA table_info("projects")
 ~ (0.000013) PRAGMA table_info("projects")
 ~ (0.000013) PRAGMA table_info("projects")
 ~ (0.000012) PRAGMA table_info("projects")
 ~ (0.000012) PRAGMA table_info("projects")
 ~ (0.000012) PRAGMA table_info("projects")
 ~ (0.000292) PRAGMA table_info("projects")
 ~ (0.000023) PRAGMA table_info("projects")
 ~ (0.000147) PRAGMA table_info("projects")
 ~ (0.000023) PRAGMA table_info("projects")
 ~ (0.000016) PRAGMA table_info("projects")
 ~ (0.000013) PRAGMA table_info("projects")
 ~ (0.000013) PRAGMA table_info("projects")
 ~ (0.000016) PRAGMA table_info("projects")
 ~ (0.000278) PRAGMA table_info("projects")
 ~ (0.000014) PRAGMA table_info("projects")
 ~ (0.000121) PRAGMA table_info("projects")
 ~ (0.000018) PRAGMA table_info("projects")
 ~ (0.000016) PRAGMA table_info("projects")
 ~ (0.000012) PRAGMA table_info("projects")
 ~ (0.000012) PRAGMA table_info("projects")
 ~ (0.000012) PRAGMA table_info("projects")
 ~ (0.000278) PRAGMA table_info("projects")
 ~ (0.000013) PRAGMA table_info("projects")
 ~ (0.000127) PRAGMA table_info("projects")
 ~ (0.000019) PRAGMA table_info("projects")
 ~ (0.000014) PRAGMA table_info("projects")
 ~ (0.000012) PRAGMA table_info("projects")
 ~ (0.000012) PRAGMA table_info("projects")
 ~ (0.000013) PRAGMA table_info("projects")
 ~ (0.000293) PRAGMA table_info("projects")
 ~ (0.000026) PRAGMA table_info("projects")
 ~ (0.000141) PRAGMA table_info("projects")
 ~ (0.000013) PRAGMA table_info("projects")
 ~ (0.000011) PRAGMA table_info("projects")
 ~ (0.000012) PRAGMA table_info("projects")
 ~ (0.000011) PRAGMA table_info("projects")
 ~ (0.000012) PRAGMA table_info("projects")
 ~ (0.000069) SELECT "id", "title", "link_to_image", "link_to_web", "created_at" FROM "projects" ORDER BY "created_at" DESC
 ~ (0.000033) SELECT "id", "desc" FROM "projects" ORDER BY "created_at" DESC
 ~ (0.000266) PRAGMA table_info("projects")
 ~ (0.000025) PRAGMA table_info("projects")
 ~ (0.000130) PRAGMA table_info("projects")
 ~ (0.000012) PRAGMA table_info("projects")
 ~ (0.000012) PRAGMA table_info("projects")
 ~ (0.000012) PRAGMA table_info("projects")
 ~ (0.000012) PRAGMA table_info("projects")
 ~ (0.000012) PRAGMA table_info("projects")
 ~ (0.000273) PRAGMA table_info("projects")
 ~ (0.000015) PRAGMA table_info("projects")
 ~ (0.000120) PRAGMA table_info("projects")
 ~ (0.000012) PRAGMA table_info("projects")
 ~ (0.000012) PRAGMA table_info("projects")
 ~ (0.000013) PRAGMA table_info("projects")
 ~ (0.000013) PRAGMA table_info("projects")
 ~ (0.000013) PRAGMA table_info("projects")
 ~ (0.000327) PRAGMA table_info("projects")
 ~ (0.000014) PRAGMA table_info("projects")
 ~ (0.000124) PRAGMA table_info("projects")
 ~ (0.000012) PRAGMA table_info("projects")
 ~ (0.000013) PRAGMA table_info("projects")
 ~ (0.000011) PRAGMA table_info("projects")
 ~ (0.000011) PRAGMA table_info("projects")
 ~ (0.000011) PRAGMA table_info("projects")
 ~ (0.000273) PRAGMA table_info("projects")
 ~ (0.000015) PRAGMA table_info("projects")
 ~ (0.000113) PRAGMA table_info("projects")
 ~ (0.000012) PRAGMA table_info("projects")
 ~ (0.000012) PRAGMA table_info("projects")
 ~ (0.000012) PRAGMA table_info("projects")
 ~ (0.000011) PRAGMA table_info("projects")
 ~ (0.000012) PRAGMA table_info("projects")
 ~ (0.000337) PRAGMA table_info("projects")
 ~ (0.000022) PRAGMA table_info("projects")
 ~ (0.000132) PRAGMA table_info("projects")
 ~ (0.000013) PRAGMA table_info("projects")
 ~ (0.000013) PRAGMA table_info("projects")
 ~ (0.000014) PRAGMA table_info("projects")
 ~ (0.000012) PRAGMA table_info("projects")
 ~ (0.000012) PRAGMA table_info("projects")
 ~ (0.000294) PRAGMA table_info("projects")
 ~ (0.000023) PRAGMA table_info("projects")
 ~ (0.000135) PRAGMA table_info("projects")
 ~ (0.000014) PRAGMA table_info("projects")
 ~ (0.000029) PRAGMA table_info("projects")
 ~ (0.000014) PRAGMA table_info("projects")
 ~ (0.000013) PRAGMA table_info("projects")
 ~ (0.000014) PRAGMA table_info("projects")
 ~ (0.000280) PRAGMA table_info("projects")
 ~ (0.000017) PRAGMA table_info("projects")
 ~ (0.000119) PRAGMA table_info("projects")
 ~ (0.000012) PRAGMA table_info("projects")
 ~ (0.000014) PRAGMA table_info("projects")
 ~ (0.000013) PRAGMA table_info("projects")
 ~ (0.000011) PRAGMA table_info("projects")
 ~ (0.000012) PRAGMA table_info("projects")
 ~ (0.000288) PRAGMA table_info("projects")
 ~ (0.000017) PRAGMA table_info("projects")
 ~ (0.000123) PRAGMA table_info("projects")
 ~ (0.000013) PRAGMA table_info("projects")
 ~ (0.000012) PRAGMA table_info("projects")
 ~ (0.000012) PRAGMA table_info("projects")
 ~ (0.000012) PRAGMA table_info("projects")
 ~ (0.000012) PRAGMA table_info("projects")
 ~ (0.000285) PRAGMA table_info("projects")
 ~ (0.000017) PRAGMA table_info("projects")
 ~ (0.000118) PRAGMA table_info("projects")
 ~ (0.000011) PRAGMA table_info("projects")
 ~ (0.000011) PRAGMA table_info("projects")
 ~ (0.000011) PRAGMA table_info("projects")
 ~ (0.000011) PRAGMA table_info("projects")
 ~ (0.000011) PRAGMA table_info("projects")
 ~ (0.000281) PRAGMA table_info("projects")
 ~ (0.000017) PRAGMA table_info("projects")
 ~ (0.000128) PRAGMA table_info("projects")
 ~ (0.000012) PRAGMA table_info("projects")
 ~ (0.000012) PRAGMA table_info("projects")
 ~ (0.000013) PRAGMA table_info("projects")
 ~ (0.000012) PRAGMA table_info("projects")
 ~ (0.000012) PRAGMA table_info("projects")
 ~ (0.000280) PRAGMA table_info("projects")
 ~ (0.000016) PRAGMA table_info("projects")
 ~ (0.000116) PRAGMA table_info("projects")
 ~ (0.000012) PRAGMA table_info("projects")
 ~ (0.000013) PRAGMA table_info("projects")
 ~ (0.000013) PRAGMA table_info("projects")
 ~ (0.000012) PRAGMA table_info("projects")
 ~ (0.000012) PRAGMA table_info("projects")
 ~ (0.000071) SELECT "id", "title", "link_to_image", "link_to_web", "created_at" FROM "projects" ORDER BY "created_at" DESC
 ~ (0.000038) SELECT "id", "desc" FROM "projects" ORDER BY "created_at" DESC
 ~ (0.000280) PRAGMA table_info("projects")
 ~ (0.000019) PRAGMA table_info("projects")
 ~ (0.000124) PRAGMA table_info("projects")
 ~ (0.000013) PRAGMA table_info("projects")
 ~ (0.000011) PRAGMA table_info("projects")
 ~ (0.000013) PRAGMA table_info("projects")
 ~ (0.000016) PRAGMA table_info("projects")
 ~ (0.000012) PRAGMA table_info("projects")
 ~ (0.000290) PRAGMA table_info("projects")
 ~ (0.000016) PRAGMA table_info("projects")
 ~ (0.000124) PRAGMA table_info("projects")
 ~ (0.000012) PRAGMA table_info("projects")
 ~ (0.000012) PRAGMA table_info("projects")
 ~ (0.000012) PRAGMA table_info("projects")
 ~ (0.000012) PRAGMA table_info("projects")
 ~ (0.000012) PRAGMA table_info("projects")
 ~ (0.000284) PRAGMA table_info("projects")
 ~ (0.000016) PRAGMA table_info("projects")
 ~ (0.000131) PRAGMA table_info("projects")
 ~ (0.000012) PRAGMA table_info("projects")
 ~ (0.000012) PRAGMA table_info("projects")
 ~ (0.000011) PRAGMA table_info("projects")
 ~ (0.000012) PRAGMA table_info("projects")
 ~ (0.000012) PRAGMA table_info("projects")
 ~ (0.000070) SELECT "id", "title", "link_to_image", "link_to_web", "created_at" FROM "projects" ORDER BY "created_at" DESC
 ~ (0.000035) SELECT "id", "desc" FROM "projects" ORDER BY "created_at" DESC
 ~ (0.000623) PRAGMA table_info("projects")
 ~ (0.000016) PRAGMA table_info("projects")
 ~ (0.000148) PRAGMA table_info("projects")
 ~ (0.000022) PRAGMA table_info("projects")
 ~ (0.000014) PRAGMA table_info("projects")
 ~ (0.000013) PRAGMA table_info("projects")
 ~ (0.000012) PRAGMA table_info("projects")
 ~ (0.000011) PRAGMA table_info("projects")
